f:\девежопер\course final\course final\x64\debug\vc143.pdb
f:\девежопер\course final\course final\x64\debug\vc143.idb
f:\девежопер\course final\course final\x64\debug\renderer.obj
f:\девежопер\course final\course final\x64\debug\game.obj
f:\девежопер\course final\course final\x64\debug\course final.obj
f:\девежопер\course final\course final\x64\debug\card.obj
f:\девежопер\course final\x64\debug\glfw3.dll
f:\девежопер\course final\course final\x64\debug\course final.ilk
f:\девежопер\course final\x64\debug\course final.pdb
f:\девежопер\course final\course final\x64\debug\course final.tlog\cl.command.1.tlog
f:\девежопер\course final\course final\x64\debug\course final.tlog\cl.items.tlog
f:\девежопер\course final\course final\x64\debug\course final.tlog\cl.read.1.tlog
f:\девежопер\course final\course final\x64\debug\course final.tlog\cl.write.1.tlog
f:\девежопер\course final\course final\x64\debug\course final.tlog\course final.write.1u.tlog
f:\девежопер\course final\course final\x64\debug\course final.tlog\link.30752-cvtres.read.1.tlog
f:\девежопер\course final\course final\x64\debug\course final.tlog\link.30752-cvtres.write.1.tlog
f:\девежопер\course final\course final\x64\debug\course final.tlog\link.30752-rc.read.1.tlog
f:\девежопер\course final\course final\x64\debug\course final.tlog\link.30752-rc.write.1.tlog
f:\девежопер\course final\course final\x64\debug\course final.tlog\link.30752.read.1.tlog
f:\девежопер\course final\course final\x64\debug\course final.tlog\link.30752.read.2.tlog
f:\девежопер\course final\course final\x64\debug\course final.tlog\link.30752.write.1.tlog
f:\девежопер\course final\course final\x64\debug\course final.tlog\link.command.1.tlog
f:\девежопер\course final\course final\x64\debug\course final.tlog\link.read.1.tlog
f:\девежопер\course final\course final\x64\debug\course final.tlog\link.secondary.1.tlog
f:\девежопер\course final\course final\x64\debug\course final.tlog\link.write.1.tlog
